<?xml version="1.0" encoding="UTF-8"?>
<testsuite xmlns:xsi="http://www.w3.org/2001/XMLSchema-instance" xsi:noNamespaceSchemaLocation="https://maven.apache.org/surefire/maven-surefire-plugin/xsd/surefire-test-report-3.0.xsd" version="3.0" name="ru.netology.RadioTest" time="0.04" tests="14" errors="0" skipped="0" failures="0">
  <properties>
[...]
</properties>
  <testcase name="setCurrentRadioStation_correctCurrentRadioStation_newNumberRadioStationLessMin" classname="ru.netology.RadioTest" time="0.03"/>
  <testcase name="decreaseRadioStation_currentRadioStationEqualsMaxRadioStations_currentStationEqualsMin" classname="ru.netology.RadioTest" time="0"/>
  <testcase name="decreaseVolume_correctCurrentVolumeAfterDecrease_currentVolumeMoreMin" classname="ru.netology.RadioTest" time="0"/>
  <testcase name="getCurrentRadioStation" classname="ru.netology.RadioTest" time="0"/>
  <testcase name="setCurrentRadioStation_correctCurrentRadioStation_newNumberRadioStationMoreMax" classname="ru.netology.RadioTest" time="0"/>
  <testcase name="setCurrentRadioStation_correctCurrentRadioStation_newNumberRadioStationBetweenMinAndMax" classname="ru.netology.RadioTest" time="0"/>
  <testcase name="createRadio_currentMaxRadioStations_createWithCountRadioStations" classname="ru.netology.RadioTest" time="0"/>
  <testcase name="increaseRadioStation_correctCurrentRadioStation_currentStationLessMax" classname="ru.netology.RadioTest" time="0"/>
  <testcase name="increaseVolume_correctCurrentVolumeAfterIncrease_currentVolumeLessMax" classname="ru.netology.RadioTest" time="0"/>
  <testcase name="increaseRadioStation_currentRadioStationEqualsMinRadioStations_currentStationEqualsMax" classname="ru.netology.RadioTest" time="0"/>
  <testcase name="decreaseRadioStation_correctCurrentRadioStation_currentStationMoreMin" classname="ru.netology.RadioTest" time="0.009"/>
  <testcase name="increaseVolume_correctCurrentVolumeAfterIncrease_currentVolumeMoreMax" classname="ru.netology.RadioTest" time="0"/>
  <testcase name="getCurrentVolume" classname="ru.netology.RadioTest" time="0.001"/>
  <testcase name="decreaseVolume_correctCurrentVolumeAfterDecrease_currentVolumeLessMin" classname="ru.netology.RadioTest" time="0"/>
</testsuite>